Using pre-set license
Built from '2020.3/staging' branch; Version is '2020.3.5f1 (8095aa901b9b) revision 8426922'; Using compiler version '192528614'; Build Type 'Release'
OS: 'Windows 10 Education; OS build 19044.1288; Version 2009; 64bit' Language: 'en' Physical Memory: 32704 MB
BatchMode: 1, IsHumanControllingUs: 0, StartBugReporterOnCrash: 0, Is64bit: 1, IsPro: 0

 COMMAND LINE ARGUMENTS:
C:\Program Files\Unity\Hub\Editor\2020.3.5f1\Editor\Unity.exe
-adb2
-batchMode
-noUpm
-name
AssetImportWorker0
-projectPath
C:/Users/s210052/Documents/Github/UnityShader/PostProcessing_Shader
-logFile
Logs/AssetImportWorker0.log
-srvPort
58482
Successfully changed project path to: C:/Users/s210052/Documents/Github/UnityShader/PostProcessing_Shader
C:/Users/s210052/Documents/Github/UnityShader/PostProcessing_Shader
Using Asset Import Pipeline V2.
Refreshing native plugins compatible for Editor in 32.64 ms, found 0 plugins.
Preloading 0 native plugins for Editor in 0.00 ms.
Initialize engine version: 2020.3.5f1 (8095aa901b9b)
[Subsystems] Discovering subsystems at path C:/Program Files/Unity/Hub/Editor/2020.3.5f1/Editor/Data/Resources/UnitySubsystems
[Subsystems] Discovering subsystems at path C:/Users/s210052/Documents/Github/UnityShader/PostProcessing_Shader/Assets
GfxDevice: creating device client; threaded=0
Direct3D:
    Version:  Direct3D 11.0 [level 11.1]
    Renderer: NVIDIA GeForce GTX 960 (ID=0x1401)
    Vendor:   
    VRAM:     4053 MB
    Driver:   30.0.14.9676
Initialize mono
Mono path[0] = 'C:/Program Files/Unity/Hub/Editor/2020.3.5f1/Editor/Data/Managed'
Mono path[1] = 'C:/Program Files/Unity/Hub/Editor/2020.3.5f1/Editor/Data/MonoBleedingEdge/lib/mono/unityjit'
Mono config path = 'C:/Program Files/Unity/Hub/Editor/2020.3.5f1/Editor/Data/MonoBleedingEdge/etc'
Using monoOptions --debugger-agent=transport=dt_socket,embedding=1,server=y,suspend=n,address=127.0.0.1:56900
Begin MonoManager ReloadAssembly
Registering precompiled unity dll's ...
Register platform support module: C:/Program Files/Unity/Hub/Editor/2020.3.5f1/Editor/Data/PlaybackEngines/WebGLSupport/UnityEditor.WebGL.Extensions.dll
Register platform support module: C:/Program Files/Unity/Hub/Editor/2020.3.5f1/Editor/Data/PlaybackEngines/WindowsStandaloneSupport/UnityEditor.WindowsStandalone.Extensions.dll
Registered in 0.003058 seconds.
Native extension for WindowsStandalone target not found
Native extension for WebGL target not found
Refreshing native plugins compatible for Editor in 32.18 ms, found 0 plugins.
Preloading 0 native plugins for Editor in 0.00 ms.
Mono: successfully reloaded assembly
- Completed reload, in  1.254 seconds
Platform modules already initialized, skipping
Registering precompiled user dll's ...
Registered in 0.000705 seconds.
Begin MonoManager ReloadAssembly
Native extension for WindowsStandalone target not found
Native extension for WebGL target not found
Refreshing native plugins compatible for Editor in 0.21 ms, found 0 plugins.
Preloading 0 native plugins for Editor in 0.00 ms.
Mono: successfully reloaded assembly
- Completed reload, in  0.825 seconds
Platform modules already initialized, skipping
========================================================================
Worker process is ready to serve import requests
Launched and connected shader compiler UnityShaderCompiler.exe after 0.05 seconds
Refreshing native plugins compatible for Editor in 0.36 ms, found 0 plugins.
Preloading 0 native plugins for Editor in 0.00 ms.
Unloading 1123 Unused Serialized files (Serialized files now loaded: 0)
System memory in use before: 58.1 MB.
System memory in use after: 58.2 MB.

Unloading 10 unused Assets to reduce memory usage. Loaded Objects now: 1568.
Total: 2.307600 ms (FindLiveObjects: 0.220700 ms CreateObjectMapping: 0.079000 ms MarkObjects: 1.897100 ms  DeleteObjects: 0.109600 ms)

========================================================================
Received Import Request.
  path: Assets/SampleSceneAssets/Materials/General/Brass_Mat.mat
  artifactKey: Guid(73abc0b4f346d08468226d863b36daa5) Importer(815301076,1909f56bfc062723c751e8b465ee728b)
Start importing Assets/SampleSceneAssets/Materials/General/Brass_Mat.mat using Guid(73abc0b4f346d08468226d863b36daa5) Importer(815301076,1909f56bfc062723c751e8b465ee728b)  -> (artifact id: 'cedc7b46f3808c9ad52e3973785ffbdf') in 0.113841 seconds
  Import took 0.115774 seconds .

========================================================================
Received Import Request.
  Time since last request: 0.000262 seconds.
  path: Assets/SampleSceneAssets/Materials/General/ConcreteMatteGrey_Mat.mat
  artifactKey: Guid(872fff9e811d06144885b9bb99f48b04) Importer(815301076,1909f56bfc062723c751e8b465ee728b)
Start importing Assets/SampleSceneAssets/Materials/General/ConcreteMatteGrey_Mat.mat using Guid(872fff9e811d06144885b9bb99f48b04) Importer(815301076,1909f56bfc062723c751e8b465ee728b)  -> (artifact id: '064d7f54e95e6cf68f7655d94d4718de') in 0.019157 seconds
  Import took 0.021579 seconds .

========================================================================
Received Import Request.
  Time since last request: 0.000434 seconds.
  path: Assets/SampleSceneAssets/Materials
  artifactKey: Guid(28a3a57e19620904da96c25d83c1be41) Importer(815301076,1909f56bfc062723c751e8b465ee728b)
Start importing Assets/SampleSceneAssets/Materials using Guid(28a3a57e19620904da96c25d83c1be41) Importer(815301076,1909f56bfc062723c751e8b465ee728b)  -> (artifact id: '43cc3004aa2bdccc6c9788c79003d564') in 0.008247 seconds
  Import took 0.010870 seconds .

========================================================================
Received Import Request.
  Time since last request: 0.000203 seconds.
  path: Assets/SampleSceneAssets/Materials/General/GlassDirt_Mat.mat
  artifactKey: Guid(e137d15ea5154414e84a19d7d2204468) Importer(815301076,1909f56bfc062723c751e8b465ee728b)
Start importing Assets/SampleSceneAssets/Materials/General/GlassDirt_Mat.mat using Guid(e137d15ea5154414e84a19d7d2204468) Importer(815301076,1909f56bfc062723c751e8b465ee728b)  -> (artifact id: '9c7be294e932523757690a88bcca0a68') in 0.017548 seconds
  Import took 0.020746 seconds .

========================================================================
Received Import Request.
  Time since last request: 0.000260 seconds.
  path: Assets/SampleSceneAssets/Materials/General
  artifactKey: Guid(815cf49f5faa53a4d8494b6d11446abb) Importer(815301076,1909f56bfc062723c751e8b465ee728b)
Start importing Assets/SampleSceneAssets/Materials/General using Guid(815cf49f5faa53a4d8494b6d11446abb) Importer(815301076,1909f56bfc062723c751e8b465ee728b)  -> (artifact id: '959b27671c9dbeb39c74ec0cfd37ab45') in 0.007487 seconds
  Import took 0.009836 seconds .

========================================================================
Received Import Request.
  Time since last request: 0.000229 seconds.
  path: Assets/SampleSceneAssets/Materials/General/Decal_Mat.mat
  artifactKey: Guid(fdfcdb4b650753e48834f639e9a3643a) Importer(815301076,1909f56bfc062723c751e8b465ee728b)
Start importing Assets/SampleSceneAssets/Materials/General/Decal_Mat.mat using Guid(fdfcdb4b650753e48834f639e9a3643a) Importer(815301076,1909f56bfc062723c751e8b465ee728b)  -> (artifact id: 'd9f0cb56515006260534172eeee2903d') in 0.016898 seconds
  Import took 0.019924 seconds .

========================================================================
Received Import Request.
  Time since last request: 0.000181 seconds.
  path: Assets/SampleSceneAssets/Materials/General/GlassDark_Mat.mat
  artifactKey: Guid(98cd97d20d794f74ea9a500fec89646c) Importer(815301076,1909f56bfc062723c751e8b465ee728b)
Start importing Assets/SampleSceneAssets/Materials/General/GlassDark_Mat.mat using Guid(98cd97d20d794f74ea9a500fec89646c) Importer(815301076,1909f56bfc062723c751e8b465ee728b)  -> (artifact id: 'e8ce946b06aa31724f5a00b662542c20') in 0.013165 seconds
  Import took 0.015969 seconds .

========================================================================
Received Import Request.
  Time since last request: 0.000194 seconds.
  path: Assets/SampleSceneAssets/Materials/General/Rock_A.mat
  artifactKey: Guid(c056c6d2fbf442140b9232a77000a0ee) Importer(815301076,1909f56bfc062723c751e8b465ee728b)
Start importing Assets/SampleSceneAssets/Materials/General/Rock_A.mat using Guid(c056c6d2fbf442140b9232a77000a0ee) Importer(815301076,1909f56bfc062723c751e8b465ee728b)  -> (artifact id: '5e5cbb1a0812a8b47f34c43f0614b0b9') in 0.014019 seconds
  Import took 0.016263 seconds .

========================================================================
Received Import Request.
  Time since last request: 0.000254 seconds.
  path: Assets/SampleSceneAssets/Materials/General/MarbleFlooring_Mat.mat
  artifactKey: Guid(69811771bb89af147929c9a53084bb01) Importer(815301076,1909f56bfc062723c751e8b465ee728b)
Start importing Assets/SampleSceneAssets/Materials/General/MarbleFlooring_Mat.mat using Guid(69811771bb89af147929c9a53084bb01) Importer(815301076,1909f56bfc062723c751e8b465ee728b)  -> (artifact id: '29de984bc2719d3835faff14540b150d') in 0.014110 seconds
  Import took 0.016893 seconds .

========================================================================
Received Import Request.
  Time since last request: 0.000170 seconds.
  path: Assets/SampleSceneAssets/Materials/General/EmissiveBulb_Mat.mat
  artifactKey: Guid(580fb5bf1dbfc1442a5270740dff7c4f) Importer(815301076,1909f56bfc062723c751e8b465ee728b)
Start importing Assets/SampleSceneAssets/Materials/General/EmissiveBulb_Mat.mat using Guid(580fb5bf1dbfc1442a5270740dff7c4f) Importer(815301076,1909f56bfc062723c751e8b465ee728b)  -> (artifact id: 'cd59b8bc5dc4f8c14a48e0f8bc4a1d7d') in 0.016076 seconds
  Import took 0.018214 seconds .

========================================================================
Received Import Request.
  Time since last request: 0.000193 seconds.
  path: Assets/SampleSceneAssets/Materials/General/ConcreteHoles_Mat.mat
  artifactKey: Guid(a63add01765f3da4fa02f698ca8d4158) Importer(815301076,1909f56bfc062723c751e8b465ee728b)
Start importing Assets/SampleSceneAssets/Materials/General/ConcreteHoles_Mat.mat using Guid(a63add01765f3da4fa02f698ca8d4158) Importer(815301076,1909f56bfc062723c751e8b465ee728b)  -> (artifact id: '3062aff8a28391ef066f2dfbb5a1b16f') in 0.013664 seconds
  Import took 0.016258 seconds .

========================================================================
Received Import Request.
  Time since last request: 0.000201 seconds.
  path: Assets/SampleSceneAssets/Materials/General/ConcreteRough_Mat.mat
  artifactKey: Guid(13dac1117da307c44a994cdf059a6c10) Importer(815301076,1909f56bfc062723c751e8b465ee728b)
Start importing Assets/SampleSceneAssets/Materials/General/ConcreteRough_Mat.mat using Guid(13dac1117da307c44a994cdf059a6c10) Importer(815301076,1909f56bfc062723c751e8b465ee728b)  -> (artifact id: 'b6aec6a26cdb774e031ef9b0ddf9bc98') in 0.014882 seconds
  Import took 0.017930 seconds .

========================================================================
Received Import Request.
  Time since last request: 0.000216 seconds.
  path: Assets/SampleSceneAssets/Materials/General/EmissiveStripLight_Mat.mat
  artifactKey: Guid(15b037fab0f7de34796366069d9f0d8e) Importer(815301076,1909f56bfc062723c751e8b465ee728b)
Start importing Assets/SampleSceneAssets/Materials/General/EmissiveStripLight_Mat.mat using Guid(15b037fab0f7de34796366069d9f0d8e) Importer(815301076,1909f56bfc062723c751e8b465ee728b)  -> (artifact id: 'ece93afc765afaa9f4d293ec33e330c4') in 0.013996 seconds
  Import took 0.016761 seconds .

========================================================================
Received Import Request.
  Time since last request: 0.000209 seconds.
  path: Assets/SampleSceneAssets/Materials/General/ShadowProxy_Mat.mat
  artifactKey: Guid(329cf2b62751ef34da2cdd14de034ab0) Importer(815301076,1909f56bfc062723c751e8b465ee728b)
Start importing Assets/SampleSceneAssets/Materials/General/ShadowProxy_Mat.mat using Guid(329cf2b62751ef34da2cdd14de034ab0) Importer(815301076,1909f56bfc062723c751e8b465ee728b)  -> (artifact id: '3df1508f51b819cbb0cea4cabadb99e4') in 0.016051 seconds
  Import took 0.018522 seconds .

========================================================================
Received Import Request.
  Time since last request: 0.000244 seconds.
  path: Assets/SampleSceneAssets/Materials/General/ConcreteCyan_Mat.mat
  artifactKey: Guid(1fec4dc7d80ee8e4cb589462ed0a61df) Importer(815301076,1909f56bfc062723c751e8b465ee728b)
Start importing Assets/SampleSceneAssets/Materials/General/ConcreteCyan_Mat.mat using Guid(1fec4dc7d80ee8e4cb589462ed0a61df) Importer(815301076,1909f56bfc062723c751e8b465ee728b)  -> (artifact id: '78bd0168b3f2982b233237c9b2806051') in 0.012358 seconds
  Import took 0.015222 seconds .

========================================================================
Received Import Request.
  Time since last request: 0.000205 seconds.
  path: Assets/SampleSceneAssets/Materials/General/Plant_C.mat
  artifactKey: Guid(d6ade06b08312c747bf14404a725213b) Importer(815301076,1909f56bfc062723c751e8b465ee728b)
Start importing Assets/SampleSceneAssets/Materials/General/Plant_C.mat using Guid(d6ade06b08312c747bf14404a725213b) Importer(815301076,1909f56bfc062723c751e8b465ee728b)  -> (artifact id: 'a19a4c39b68433df555d73d765acb3ad') in 0.016651 seconds
  Import took 0.020247 seconds .

========================================================================
Received Import Request.
  Time since last request: 0.000203 seconds.
  path: Assets/SampleSceneAssets/Materials/General/DecalWear_Mat.mat
  artifactKey: Guid(565b27a0dd94245419e0ab7f0556066f) Importer(815301076,1909f56bfc062723c751e8b465ee728b)
Start importing Assets/SampleSceneAssets/Materials/General/DecalWear_Mat.mat using Guid(565b27a0dd94245419e0ab7f0556066f) Importer(815301076,1909f56bfc062723c751e8b465ee728b)  -> (artifact id: 'b4eaee9be5a011348183a13b9b9f8028') in 0.014375 seconds
  Import took 0.017865 seconds .

========================================================================
Received Import Request.
  Time since last request: 0.000375 seconds.
  path: Assets/SampleSceneAssets/Materials/General/Drain_Mat.mat
  artifactKey: Guid(a3e0475c5a7557c4ea5edeb7fc78dec0) Importer(815301076,1909f56bfc062723c751e8b465ee728b)
Start importing Assets/SampleSceneAssets/Materials/General/Drain_Mat.mat using Guid(a3e0475c5a7557c4ea5edeb7fc78dec0) Importer(815301076,1909f56bfc062723c751e8b465ee728b)  -> (artifact id: 'bd0fe865539beab66a7a941b7a8dce80') in 0.012981 seconds
  Import took 0.015664 seconds .

========================================================================
Received Import Request.
  Time since last request: 0.000305 seconds.
  path: Assets/SampleSceneAssets/Materials/General/WoodLight_Mat.mat
  artifactKey: Guid(94251e0528bf8e545ae2440cbb862770) Importer(815301076,1909f56bfc062723c751e8b465ee728b)
Start importing Assets/SampleSceneAssets/Materials/General/WoodLight_Mat.mat using Guid(94251e0528bf8e545ae2440cbb862770) Importer(815301076,1909f56bfc062723c751e8b465ee728b)  -> (artifact id: 'a702b72d3498e8ee5fd643a28b0b30d8') in 0.013258 seconds
  Import took 0.016339 seconds .

========================================================================
Received Import Request.
  Time since last request: 0.000311 seconds.
  path: Assets/SampleSceneAssets/Materials/General/Bamboo_A.mat
  artifactKey: Guid(b853534fca7751a44af96bb3593f0c94) Importer(815301076,1909f56bfc062723c751e8b465ee728b)
Start importing Assets/SampleSceneAssets/Materials/General/Bamboo_A.mat using Guid(b853534fca7751a44af96bb3593f0c94) Importer(815301076,1909f56bfc062723c751e8b465ee728b)  -> (artifact id: '94bff6db850727bc8729ca0644977d4f') in 0.014873 seconds
  Import took 0.017621 seconds .

========================================================================
Received Import Request.
  Time since last request: 0.000267 seconds.
  path: Assets/SampleSceneAssets/Materials/General/Bamboo_Leaf_A.mat
  artifactKey: Guid(cf2665e894bed6c4199b8c80e4473efc) Importer(815301076,1909f56bfc062723c751e8b465ee728b)
Start importing Assets/SampleSceneAssets/Materials/General/Bamboo_Leaf_A.mat using Guid(cf2665e894bed6c4199b8c80e4473efc) Importer(815301076,1909f56bfc062723c751e8b465ee728b)  -> (artifact id: '98cac177b12b6f3d14a853142bf9fe4f') in 0.016512 seconds
  Import took 0.019479 seconds .

========================================================================
Received Import Request.
  Time since last request: 0.000201 seconds.
  path: Assets/SampleSceneAssets/Materials/General/Concrete_Edge_Decal.prefab
  artifactKey: Guid(07c863457b050844397bb7b1c8e499ba) Importer(815301076,1909f56bfc062723c751e8b465ee728b)
Start importing Assets/SampleSceneAssets/Materials/General/Concrete_Edge_Decal.prefab using Guid(07c863457b050844397bb7b1c8e499ba) Importer(815301076,1909f56bfc062723c751e8b465ee728b)  -> (artifact id: '8fd7a4767affb56e8013b2efbe5df0f9') in 0.014830 seconds
  Import took 0.016858 seconds .

========================================================================
Received Import Request.
  Time since last request: 0.000213 seconds.
  path: Assets/SampleSceneAssets/Materials/General/DecalWearDark_Mat.mat
  artifactKey: Guid(e367cf22806840143acdb94452967435) Importer(815301076,1909f56bfc062723c751e8b465ee728b)
Start importing Assets/SampleSceneAssets/Materials/General/DecalWearDark_Mat.mat using Guid(e367cf22806840143acdb94452967435) Importer(815301076,1909f56bfc062723c751e8b465ee728b)  -> (artifact id: '9bcea66330a15be7d1ff7d2fbd3b65f9') in 0.015337 seconds
  Import took 0.018181 seconds .

========================================================================
Received Import Request.
  Time since last request: 0.000219 seconds.
  path: Assets/SampleSceneAssets/Materials/General/ConcretePolished_Mat.mat
  artifactKey: Guid(5211e3d217f89c04da882dba703fa9fd) Importer(815301076,1909f56bfc062723c751e8b465ee728b)
Start importing Assets/SampleSceneAssets/Materials/General/ConcretePolished_Mat.mat using Guid(5211e3d217f89c04da882dba703fa9fd) Importer(815301076,1909f56bfc062723c751e8b465ee728b)  -> (artifact id: '5c0de50ed535cda9b41da727b59f2cf7') in 0.012540 seconds
  Import took 0.015792 seconds .

========================================================================
Received Import Request.
  Time since last request: 0.000212 seconds.
  path: Assets/SampleSceneAssets/Materials/General/MetalBlack_Mat.mat
  artifactKey: Guid(37b8ecd3d51d8874ab4e0af9b57779a0) Importer(815301076,1909f56bfc062723c751e8b465ee728b)
Start importing Assets/SampleSceneAssets/Materials/General/MetalBlack_Mat.mat using Guid(37b8ecd3d51d8874ab4e0af9b57779a0) Importer(815301076,1909f56bfc062723c751e8b465ee728b)  -> (artifact id: 'b42fb17e7bc4d6e5e84e6b72d72a75cd') in 0.014448 seconds
  Import took 0.017445 seconds .

========================================================================
Received Import Request.
  Time since last request: 0.000210 seconds.
  path: Assets/SampleSceneAssets/Materials/General/Bush_01_Mat.mat
  artifactKey: Guid(77fbf1cba6a206647ac47f3cacf482ed) Importer(815301076,1909f56bfc062723c751e8b465ee728b)
Start importing Assets/SampleSceneAssets/Materials/General/Bush_01_Mat.mat using Guid(77fbf1cba6a206647ac47f3cacf482ed) Importer(815301076,1909f56bfc062723c751e8b465ee728b)  -> (artifact id: 'acaafece8020aad6d2944c8f1cf3b0df') in 0.012698 seconds
  Import took 0.015069 seconds .

========================================================================
Received Import Request.
  Time since last request: 0.000199 seconds.
  path: Assets/SampleSceneAssets/Materials/General/ConcreteTaupe_Mat.mat
  artifactKey: Guid(9a3de71d66904b4409c086458f9b4874) Importer(815301076,1909f56bfc062723c751e8b465ee728b)
Start importing Assets/SampleSceneAssets/Materials/General/ConcreteTaupe_Mat.mat using Guid(9a3de71d66904b4409c086458f9b4874) Importer(815301076,1909f56bfc062723c751e8b465ee728b)  -> (artifact id: '60adecee7d3c933f55bd2aa084f6d94c') in 0.016448 seconds
  Import took 0.019093 seconds .

========================================================================
Received Import Request.
  Time since last request: 0.000202 seconds.
  path: Assets/SampleSceneAssets/Materials/General/DecalPuddle_Mat.mat
  artifactKey: Guid(ee719a75fd8da6d4c9fdfc61b8ffb814) Importer(815301076,1909f56bfc062723c751e8b465ee728b)
Start importing Assets/SampleSceneAssets/Materials/General/DecalPuddle_Mat.mat using Guid(ee719a75fd8da6d4c9fdfc61b8ffb814) Importer(815301076,1909f56bfc062723c751e8b465ee728b)  -> (artifact id: '7c26564cf6cbf5925cacd8616029e804') in 0.014091 seconds
  Import took 0.017077 seconds .

========================================================================
Received Import Request.
  Time since last request: 0.000226 seconds.
  path: Assets/SampleSceneAssets/Materials/General/WoodCounter_Mat.mat
  artifactKey: Guid(80bd5ad967a7a7442a955dc8eb744bbc) Importer(815301076,1909f56bfc062723c751e8b465ee728b)
Start importing Assets/SampleSceneAssets/Materials/General/WoodCounter_Mat.mat using Guid(80bd5ad967a7a7442a955dc8eb744bbc) Importer(815301076,1909f56bfc062723c751e8b465ee728b)  -> (artifact id: 'c66e039c72c4ead7285ef3ab668453ff') in 0.013894 seconds
  Import took 0.016530 seconds .

========================================================================
Received Import Request.
  Time since last request: 0.000215 seconds.
  path: Assets/SampleSceneAssets/Materials/General/Aluminium_Mat.mat
  artifactKey: Guid(e3f98509c724f3d48977e926d1b75920) Importer(815301076,1909f56bfc062723c751e8b465ee728b)
Start importing Assets/SampleSceneAssets/Materials/General/Aluminium_Mat.mat using Guid(e3f98509c724f3d48977e926d1b75920) Importer(815301076,1909f56bfc062723c751e8b465ee728b)  -> (artifact id: '3ce8ed268c893ee3d7ca0391e5635624') in 0.012546 seconds
  Import took 0.016080 seconds .

========================================================================
Received Import Request.
  Time since last request: 0.000236 seconds.
  path: Assets/SampleSceneAssets/Materials/General/Collision_Mat.mat
  artifactKey: Guid(d7b88d1d205f9c544b11aed3ca26a7e6) Importer(815301076,1909f56bfc062723c751e8b465ee728b)
Start importing Assets/SampleSceneAssets/Materials/General/Collision_Mat.mat using Guid(d7b88d1d205f9c544b11aed3ca26a7e6) Importer(815301076,1909f56bfc062723c751e8b465ee728b)  -> (artifact id: '7a3fa09330c8c699418c54abb0dd2744') in 0.014630 seconds
  Import took 0.017935 seconds .

========================================================================
Received Import Request.
  Time since last request: 0.000208 seconds.
  path: Assets/SampleSceneAssets/Materials/General/Rubber_Mat.mat
  artifactKey: Guid(6c86691e1da9d0f40885fa827f766f0f) Importer(815301076,1909f56bfc062723c751e8b465ee728b)
Start importing Assets/SampleSceneAssets/Materials/General/Rubber_Mat.mat using Guid(6c86691e1da9d0f40885fa827f766f0f) Importer(815301076,1909f56bfc062723c751e8b465ee728b)  -> (artifact id: 'bb66fb5be179cc6229a9c0f366431ad5') in 0.013269 seconds
  Import took 0.016222 seconds .

========================================================================
Received Import Request.
  Time since last request: 0.000343 seconds.
  path: Assets/SampleSceneAssets/Materials/General/Fern_01_Mat.mat
  artifactKey: Guid(03d9a5a19be57024b8ae4c2b27666448) Importer(815301076,1909f56bfc062723c751e8b465ee728b)
Start importing Assets/SampleSceneAssets/Materials/General/Fern_01_Mat.mat using Guid(03d9a5a19be57024b8ae4c2b27666448) Importer(815301076,1909f56bfc062723c751e8b465ee728b)  -> (artifact id: 'e83d59461332c5adf353536246c10823') in 0.013530 seconds
  Import took 0.017144 seconds .

========================================================================
Received Import Request.
  Time since last request: 0.000232 seconds.
  path: Assets/SampleSceneAssets/Materials/General/WallDirt_Mat.mat
  artifactKey: Guid(b2d12ecaf4acabc44bf0426809ecad25) Importer(815301076,1909f56bfc062723c751e8b465ee728b)
Start importing Assets/SampleSceneAssets/Materials/General/WallDirt_Mat.mat using Guid(b2d12ecaf4acabc44bf0426809ecad25) Importer(815301076,1909f56bfc062723c751e8b465ee728b)  -> (artifact id: '86e8f1e9cdf78d30371b1eff0702446a') in 0.014439 seconds
  Import took 0.017134 seconds .

========================================================================
Received Import Request.
  Time since last request: 0.000286 seconds.
  path: Assets/SampleSceneAssets/Materials/General/SandblastMetal_Mat.mat
  artifactKey: Guid(549b2def492e22f48ae29c1325fcc8c7) Importer(815301076,1909f56bfc062723c751e8b465ee728b)
Start importing Assets/SampleSceneAssets/Materials/General/SandblastMetal_Mat.mat using Guid(549b2def492e22f48ae29c1325fcc8c7) Importer(815301076,1909f56bfc062723c751e8b465ee728b)  -> (artifact id: '53d76c7fd8a6ecd83201e9e711814ac2') in 0.012953 seconds
  Import took 0.015724 seconds .

========================================================================
Received Import Request.
  Time since last request: 0.000209 seconds.
  path: Assets/SampleSceneAssets/Materials/General/Ground_Mat.mat
  artifactKey: Guid(02cd0505759e21149b7315ca38dc057c) Importer(815301076,1909f56bfc062723c751e8b465ee728b)
Start importing Assets/SampleSceneAssets/Materials/General/Ground_Mat.mat using Guid(02cd0505759e21149b7315ca38dc057c) Importer(815301076,1909f56bfc062723c751e8b465ee728b)  -> (artifact id: '17191956ba0eb16975f259785a92a24f') in 0.012454 seconds
  Import took 0.015497 seconds .

========================================================================
Received Import Request.
  Time since last request: 0.000210 seconds.
  path: Assets/SampleSceneAssets/Materials/General/Fabric_Mat.mat
  artifactKey: Guid(c5d08c308b663174183bf57a5487159e) Importer(815301076,1909f56bfc062723c751e8b465ee728b)
Start importing Assets/SampleSceneAssets/Materials/General/Fabric_Mat.mat using Guid(c5d08c308b663174183bf57a5487159e) Importer(815301076,1909f56bfc062723c751e8b465ee728b)  -> (artifact id: 'f65d021d3e7f70aff8d08c3be96cd39e') in 0.014438 seconds
  Import took 0.017389 seconds .

========================================================================
Received Import Request.
  Time since last request: 0.000204 seconds.
  path: Assets/SampleSceneAssets/Materials/General/ConcreteSmooth_Mat.mat
  artifactKey: Guid(db4b72e3a3d36604fafaf0a0d1466d07) Importer(815301076,1909f56bfc062723c751e8b465ee728b)
Start importing Assets/SampleSceneAssets/Materials/General/ConcreteSmooth_Mat.mat using Guid(db4b72e3a3d36604fafaf0a0d1466d07) Importer(815301076,1909f56bfc062723c751e8b465ee728b)  -> (artifact id: '5bf19ba2b421a5ac511a9d254946d7a4') in 0.016431 seconds
  Import took 0.019804 seconds .

AssetImportWorkerClient::OnTransportError - code=2 error=End of file
